<?xml version="1.0" encoding="UTF-8"?>
<testsuite name="com.burnin.scanner.analysis.CrossAgreementTest" tests="5" skipped="0" failures="0" errors="0" timestamp="2026-07-09T16:55:31.522Z" hostname="MacBook-Pro-3.local" time="0.02">
  <properties/>
  <testcase name="identicalGridsGiveFullConfidence" classname="com.burnin.scanner.analysis.CrossAgreementTest" time="0.018"/>
  <testcase name="disagreementRegionIsMasked" classname="com.burnin.scanner.analysis.CrossAgreementTest" time="0.001"/>
  <testcase name="singleGridIsNeutral" classname="com.burnin.scanner.analysis.CrossAgreementTest" time="0.0"/>
  <testcase name="normalizeByMedianRemovesExposureScale" classname="com.burnin.scanner.analysis.CrossAgreementTest" time="0.001"/>
  <testcase name="threeWayAgreementUsesWorstPair" classname="com.burnin.scanner.analysis.CrossAgreementTest" time="0.0"/>
  <system-out><![CDATA[]]></system-out>
  <system-err><![CDATA[]]></system-err>
</testsuite>
