<?xml version="1.0" encoding="UTF-8"?>
<testsuite name="com.burnin.scanner.analysis.PipelineTest" tests="14" skipped="0" failures="0" errors="0" timestamp="2026-07-09T16:53:58.628Z" hostname="MacBook-Pro-3.local" time="0.2">
  <properties/>
  <testcase name="geometryQualityIsLowForUndistortedQuad" classname="com.burnin.scanner.analysis.PipelineTest" time="0.004"/>
  <testcase name="edgeRampDoesNotSuppressStatusBarRegion" classname="com.burnin.scanner.analysis.PipelineTest" time="0.016"/>
  <testcase name="lowLightGainMixContributesToCorrection" classname="com.burnin.scanner.analysis.PipelineTest" time="0.001"/>
  <testcase name="averageGainGridsMergesRgbLowLightAttenuation" classname="com.burnin.scanner.analysis.PipelineTest" time="0.0"/>
  <testcase name="homographyAlignsScreenCoordinates" classname="com.burnin.scanner.analysis.PipelineTest" time="0.013"/>
  <testcase name="endToEndCorrectionImprovesUniformity" classname="com.burnin.scanner.analysis.PipelineTest" time="0.041"/>
  <testcase name="rotatedCameraStillBuildsHomography" classname="com.burnin.scanner.analysis.PipelineTest" time="0.001"/>
  <testcase name="radialFlatFieldReducesCameraVignetting" classname="com.burnin.scanner.analysis.PipelineTest" time="0.004"/>
  <testcase name="iterativeRefinementConverges" classname="com.burnin.scanner.analysis.PipelineTest" time="0.084"/>
  <testcase name="adaptiveSmoothRadiusKeepsWideBurnInCorrection" classname="com.burnin.scanner.analysis.PipelineTest" time="0.002"/>
  <testcase name="confidenceWeightedGainSuppressesLowTrustCells" classname="com.burnin.scanner.analysis.PipelineTest" time="0.0"/>
  <testcase name="correctionPngUsesSameScreenMarginAsMeasurementGrid" classname="com.burnin.scanner.analysis.PipelineTest" time="0.002"/>
  <testcase name="adaptiveSmoothRadiusSuppresssSubCameraPixelNoise" classname="com.burnin.scanner.analysis.PipelineTest" time="0.006"/>
  <testcase name="rgbChannelGridExtractsSelectedLowLightChannel" classname="com.burnin.scanner.analysis.PipelineTest" time="0.026"/>
  <system-out><![CDATA[]]></system-out>
  <system-err><![CDATA[]]></system-err>
</testsuite>
