<?xml version="1.0" encoding="UTF-8"?>
<testsuite name="com.burnin.scanner.analysis.HomographyTest" tests="4" skipped="0" failures="0" errors="0" timestamp="2026-07-09T16:55:31.544Z" hostname="MacBook-Pro-3.local" time="0.01">
  <properties/>
  <testcase name="mapsRectangleExactly" classname="com.burnin.scanner.analysis.HomographyTest" time="0.0"/>
  <testcase name="solvesLeastSquaresFromManyPointPairs" classname="com.burnin.scanner.analysis.HomographyTest" time="0.001"/>
  <testcase name="solvesPerspectiveTransform" classname="com.burnin.scanner.analysis.HomographyTest" time="0.001"/>
  <testcase name="markerDisambiguatesVerticalFlip" classname="com.burnin.scanner.analysis.HomographyTest" time="0.008"/>
  <system-out><![CDATA[]]></system-out>
  <system-err><![CDATA[]]></system-err>
</testsuite>
