<?xml version="1.0" encoding="UTF-8"?>
<testsuite name="com.burnin.scanner.camera.CameraEnumeratorTest" tests="7" skipped="0" failures="0" errors="0" timestamp="2026-07-09T16:55:31.715Z" hostname="MacBook-Pro-3.local" time="0.005">
  <properties/>
  <testcase name="classifiesRolesByFov" classname="com.burnin.scanner.camera.CameraEnumeratorTest" time="0.001"/>
  <testcase name="suitabilityNotesWarnTeleAndUltraWide" classname="com.burnin.scanner.camera.CameraEnumeratorTest" time="0.002"/>
  <testcase name="computesHorizontalFov" classname="com.burnin.scanner.camera.CameraEnumeratorTest" time="0.001"/>
  <testcase name="rejectsWhenNoPhysicalSubCameras" classname="com.burnin.scanner.camera.CameraEnumeratorTest" time="0.0"/>
  <testcase name="selectsTriSetUltraMainTele" classname="com.burnin.scanner.camera.CameraEnumeratorTest" time="0.0"/>
  <testcase name="twoRoleSetStillWorks" classname="com.burnin.scanner.camera.CameraEnumeratorTest" time="0.001"/>
  <testcase name="rejectsSingleFovGroup" classname="com.burnin.scanner.camera.CameraEnumeratorTest" time="0.0"/>
  <system-out><![CDATA[]]></system-out>
  <system-err><![CDATA[]]></system-err>
</testsuite>
