<?xml version="1.0" encoding="UTF-8"?>
<testsuite name="com.burnin.scanner.analysis.ScreenDetectorTest" tests="3" skipped="0" failures="0" errors="0" timestamp="2026-07-09T16:55:31.711Z" hostname="MacBook-Pro-3.local" time="0.003">
  <properties/>
  <testcase name="rejectsAllDarkFrame" classname="com.burnin.scanner.analysis.ScreenDetectorTest" time="0.001"/>
  <testcase name="rejectsTinyBrightSpot" classname="com.burnin.scanner.analysis.ScreenDetectorTest" time="0.001"/>
  <testcase name="detectsBrightScreenCorners" classname="com.burnin.scanner.analysis.ScreenDetectorTest" time="0.001"/>
  <system-out><![CDATA[]]></system-out>
  <system-err><![CDATA[]]></system-err>
</testsuite>
